
Welcome to IBM(R) ILOG(R) CPLEX(R) Interactive Optimizer 22.1.1.0
  with Simplex, Mixed Integer & Barrier Optimizers
5725-A06 5725-A29 5724-Y48 5724-Y49 5724-Y54 5724-Y55 5655-Y21
Copyright IBM Corp. 1988, 2022.  All Rights Reserved.

Type 'help' for a list of available commands.
Type 'help' followed by a command name for more
information on commands.

CPLEX> Selected objective sense:  MINIMIZE
Selected objective  name:  00000000
Selected RHS        name:  RHS1
Selected bound      name:  BOUND
Problem 'ee.mps' read.
Read time = 0.02 sec. (3.17 ticks)
CPLEX> New value for time limit in seconds: 7200
CPLEX> New value for parallel optimization mode: -1
CPLEX> New value for default parallel thread count: 40
CPLEX> New value for mixed integer optimality gap tolerance: 1e-13
CPLEX> Version identifier: 22.1.1.0 | 2022-11-28 | 9160aff4d
CPXPARAM_Threads                                 40
CPXPARAM_Parallel                                -1
CPXPARAM_TimeLimit                               7200
CPXPARAM_MIP_Tolerances_MIPGap                   1e-13
Found incumbent of value 0.000000 after 0.00 sec. (0.31 ticks)
Tried aggregator 2 times.
MIP Presolve eliminated 183 rows and 2745 columns.
MIP Presolve modified 6090 coefficients.
Aggregator did 713 substitutions.
Reduced MIP has 3636 rows, 7840 columns, and 28953 nonzeros.
Reduced MIP has 7840 binaries, 0 generals, 0 SOSs, and 0 indicators.
Presolve time = 0.08 sec. (69.13 ticks)
Probing time = 0.03 sec. (5.33 ticks)
Tried aggregator 1 time.
Detecting symmetries...
Reduced MIP has 3636 rows, 7840 columns, and 28953 nonzeros.
Reduced MIP has 7840 binaries, 0 generals, 0 SOSs, and 0 indicators.
Presolve time = 0.02 sec. (22.07 ticks)
Probing time = 0.02 sec. (5.12 ticks)
Clique table members: 18788.
MIP emphasis: balance optimality and feasibility.
MIP search method: dynamic search.
Parallel mode: opportunistic, using up to 40 threads.
Root relaxation solution time = 0.15 sec. (125.14 ticks)

        Nodes                                         Cuts/
   Node  Left     Objective  IInf  Best Integer    Best Bound    ItCnt     Gap

*     0+    0                            0.0000  -1.54000e+13              --- 
*     0+    0                      -3.60000e+12  -1.54000e+13           327.78%
*     0+    0                      -4.80000e+12  -1.54000e+13           220.83%
*     0+    0                      -6.00000e+12  -1.54000e+13           156.67%
*     0+    0                      -7.20000e+12  -1.54000e+13           113.89%
      0     0  -1.53900e+13   129  -7.20000e+12  -1.53900e+13     3131  113.75%
*     0+    0                      -1.53900e+13  -1.53900e+13             0.00%
      0     0  -1.53900e+13   146  -1.53900e+13      Cuts: 91     4189    0.00%
*     0+    0                      -1.53900e+13  -1.53900e+13             0.00%
      0     0  -1.53900e+13   205  -1.53900e+13      Cuts: 76     4694    0.00%
*     0+    0                      -1.53900e+13  -1.53900e+13             0.00%
      0     2  -1.53900e+13   190  -1.53900e+13  -1.53900e+13     4694    0.00%
Elapsed time = 3.11 sec. (2026.97 ticks, tree = 0.02 MB, solutions = 9)
*    35+    9                      -1.53900e+13  -1.53900e+13             0.00%
     68    43  -1.53900e+13   181  -1.53900e+13  -1.53900e+13    15964    0.00%
    149    78  -1.53900e+13    96  -1.53900e+13  -1.53900e+13    51018    0.00%
    273    88  -1.53900e+13    27  -1.53900e+13  -1.53900e+13    52949    0.00%
    461    96  -1.53900e+13   275  -1.53900e+13  -1.53900e+13    58975    0.00%
    694   125  -1.53900e+13   149  -1.53900e+13  -1.53900e+13   105971    0.00%
   1099   156  -1.53900e+13   202  -1.53900e+13  -1.53900e+13   213112    0.00%
   1622    57  -1.53900e+13   179  -1.53900e+13  -1.53900e+13   349103    0.00%
   2133   101  -1.53900e+13   113  -1.53900e+13  -1.53900e+13   286455    0.00%
   2571    52        cutoff        -1.53900e+13  -1.53900e+13   386472    0.00%
   3463    67  -1.53900e+13    33  -1.53900e+13  -1.53900e+13   467011    0.00%
Elapsed time = 7.90 sec. (5140.49 ticks, tree = 1.27 MB, solutions = 12)

GUB cover cuts applied:  8
Clique cuts applied:  9
Cover cuts applied:  686
Flow cuts applied:  2
Mixed integer rounding cuts applied:  10
Zero-half cuts applied:  5
Lift and project cuts applied:  11
Gomory fractional cuts applied:  30

Root node processing (before b&c):
  Real time             =    2.12 sec. (2004.78 ticks)
Parallel b&c, 40 threads:
  Real time             =    5.85 sec. (3981.10 ticks)
  Sync time (average)   =    1.63 sec.
  Wait time (average)   =    0.00 sec.
                          ------------
Total (root+branch&cut) =    7.97 sec. (5985.89 ticks)

Solution pool: 12 solutions saved.

MIP - Integer optimal solution:  Objective = -1.5389998689e+13
Solution time =    8.07 sec.  Iterations = 513863  Nodes = 3642
Deterministic time = 5985.92 ticks  (741.30 ticks/sec)

CPLEX> Solution 'p13' written to file 'ee.sol'.
CPLEX> 