
Welcome to IBM(R) ILOG(R) CPLEX(R) Interactive Optimizer 22.1.1.0
  with Simplex, Mixed Integer & Barrier Optimizers
5725-A06 5725-A29 5724-Y48 5724-Y49 5724-Y54 5724-Y55 5655-Y21
Copyright IBM Corp. 1988, 2022.  All Rights Reserved.

Type 'help' for a list of available commands.
Type 'help' followed by a command name for more
information on commands.

CPLEX> Selected objective sense:  MINIMIZE
Selected objective  name:  00000000
Selected RHS        name:  RHS1
Selected bound      name:  BOUND
Problem 'ee.mps' read.
Read time = 0.03 sec. (3.17 ticks)
CPLEX> New value for time limit in seconds: 7200
CPLEX> New value for parallel optimization mode: -1
CPLEX> New value for default parallel thread count: 40
CPLEX> New value for mixed integer optimality gap tolerance: 1e-13
CPLEX> Version identifier: 22.1.1.0 | 2022-11-28 | 9160aff4d
CPXPARAM_Threads                                 40
CPXPARAM_Parallel                                -1
CPXPARAM_TimeLimit                               7200
CPXPARAM_MIP_Tolerances_MIPGap                   1e-13
Found incumbent of value 0.000000 after 0.00 sec. (0.31 ticks)
Tried aggregator 2 times.
MIP Presolve eliminated 184 rows and 2745 columns.
MIP Presolve modified 6090 coefficients.
Aggregator did 713 substitutions.
Reduced MIP has 3636 rows, 7840 columns, and 28954 nonzeros.
Reduced MIP has 7840 binaries, 0 generals, 0 SOSs, and 0 indicators.
Presolve time = 0.07 sec. (69.13 ticks)
Probing time = 0.03 sec. (5.33 ticks)
Tried aggregator 1 time.
Detecting symmetries...
Reduced MIP has 3636 rows, 7840 columns, and 28954 nonzeros.
Reduced MIP has 7840 binaries, 0 generals, 0 SOSs, and 0 indicators.
Presolve time = 0.02 sec. (22.08 ticks)
Probing time = 0.02 sec. (5.12 ticks)
Clique table members: 18788.
MIP emphasis: balance optimality and feasibility.
MIP search method: dynamic search.
Parallel mode: opportunistic, using up to 40 threads.
Root relaxation solution time = 0.15 sec. (135.32 ticks)

        Nodes                                         Cuts/
   Node  Left     Objective  IInf  Best Integer    Best Bound    ItCnt     Gap

*     0+    0                            0.0000  -1.54000e+13              --- 
*     0+    0                      -3.39000e+12  -1.54000e+13           354.28%
*     0+    0                      -4.59000e+12  -1.54000e+13           235.51%
*     0+    0                      -4.80000e+12  -1.54000e+13           220.83%
      0     0  -1.53900e+13    62  -4.80000e+12  -1.53900e+13     2983  220.63%
*     0+    0                      -1.53900e+13  -1.53900e+13             0.00%
      0     0  -1.53900e+13   147  -1.53900e+13      Cuts: 69     3457    0.00%
*     0+    0                      -1.53900e+13  -1.53900e+13             0.00%
      0     0  -1.53900e+13   172  -1.53900e+13      Cuts: 69     3926    0.00%
*     0+    0                      -1.53900e+13  -1.53900e+13             0.00%
      0    13        cutoff        -1.53900e+13  -1.53900e+13     5820    0.00%
Elapsed time = 2.26 sec. (1103.20 ticks, tree = 0.02 MB, solutions = 10)
    731    58        cutoff        -1.53900e+13  -1.53900e+13    24835    0.00%
   1689    33  -1.53900e+13     7  -1.53900e+13  -1.53900e+13   155422    0.00%
   2108    10  -1.53900e+13   236  -1.53900e+13  -1.53900e+13   206113    0.00%
   2729    13        cutoff        -1.53900e+13  -1.53900e+13   232324    0.00%
   3272     9        cutoff        -1.53900e+13  -1.53900e+13   218119    0.00%
   3648    14  -1.53900e+13    90  -1.53900e+13  -1.53900e+13   223967    0.00%

GUB cover cuts applied:  3
Clique cuts applied:  20
Cover cuts applied:  548
Flow cuts applied:  1
Mixed integer rounding cuts applied:  7
Zero-half cuts applied:  8
Lift and project cuts applied:  1
Gomory fractional cuts applied:  19

Root node processing (before b&c):
  Real time             =    1.20 sec. (1095.60 ticks)
Parallel b&c, 40 threads:
  Real time             =    4.31 sec. (1655.14 ticks)
  Sync time (average)   =    2.20 sec.
  Wait time (average)   =    0.00 sec.
                          ------------
Total (root+branch&cut) =    5.51 sec. (2750.73 ticks)

Solution pool: 22 solutions saved.

MIP - Integer optimal solution:  Objective = -1.5389999089e+13
Solution time =    5.64 sec.  Iterations = 296174  Nodes = 3765
Deterministic time = 2750.77 ticks  (488.14 ticks/sec)

CPLEX> Solution 'p23' written to file 'ee.sol'.
CPLEX> 