
Welcome to IBM(R) ILOG(R) CPLEX(R) Interactive Optimizer 22.1.1.0
  with Simplex, Mixed Integer & Barrier Optimizers
5725-A06 5725-A29 5724-Y48 5724-Y49 5724-Y54 5724-Y55 5655-Y21
Copyright IBM Corp. 1988, 2022.  All Rights Reserved.

Type 'help' for a list of available commands.
Type 'help' followed by a command name for more
information on commands.

CPLEX> Selected objective sense:  MINIMIZE
Selected objective  name:  00000000
Selected RHS        name:  RHS1
Selected bound      name:  BOUND
Problem 'ee.mps' read.
Read time = 0.03 sec. (3.14 ticks)
CPLEX> New value for time limit in seconds: 7200
CPLEX> New value for parallel optimization mode: -1
CPLEX> New value for default parallel thread count: 40
CPLEX> New value for mixed integer optimality gap tolerance: 1e-13
CPLEX> Version identifier: 22.1.1.0 | 2022-11-28 | 9160aff4d
CPXPARAM_Threads                                 40
CPXPARAM_Parallel                                -1
CPXPARAM_TimeLimit                               7200
CPXPARAM_MIP_Tolerances_MIPGap                   1e-13
Found incumbent of value 0.000000 after 0.00 sec. (0.31 ticks)
Tried aggregator 2 times.
MIP Presolve eliminated 180 rows and 2745 columns.
MIP Presolve modified 5862 coefficients.
Aggregator did 713 substitutions.
Reduced MIP has 3623 rows, 7739 columns, and 28643 nonzeros.
Reduced MIP has 7739 binaries, 0 generals, 0 SOSs, and 0 indicators.
Presolve time = 0.07 sec. (68.54 ticks)
Probing time = 0.03 sec. (5.29 ticks)
Tried aggregator 1 time.
Detecting symmetries...
Reduced MIP has 3623 rows, 7739 columns, and 28643 nonzeros.
Reduced MIP has 7739 binaries, 0 generals, 0 SOSs, and 0 indicators.
Presolve time = 0.03 sec. (21.83 ticks)
Probing time = 0.02 sec. (5.10 ticks)
Clique table members: 18551.
MIP emphasis: balance optimality and feasibility.
MIP search method: dynamic search.
Parallel mode: opportunistic, using up to 40 threads.
Root relaxation solution time = 0.08 sec. (69.12 ticks)

        Nodes                                         Cuts/
   Node  Left     Objective  IInf  Best Integer    Best Bound    ItCnt     Gap

*     0+    0                            0.0000  -1.31000e+13              --- 
*     0+    0                      -3.30000e+12  -1.31000e+13           296.97%
*     0+    0                      -4.40000e+12  -1.31000e+13           197.73%
*     0+    0                      -5.50000e+12  -1.31000e+13           138.18%
      0     0  -1.30900e+13    22  -5.50000e+12  -1.30900e+13     1659  138.00%
*     0+    0                      -1.30900e+13  -1.30900e+13             0.00%
      0     0  -1.30900e+13    70  -1.30900e+13      Cuts: 36     2057    0.00%
*     0+    0                      -1.30900e+13  -1.30900e+13             0.00%
      0     0  -1.30900e+13   114  -1.30900e+13      Cuts: 52     2873    0.00%
*     0+    0                      -1.30900e+13  -1.30900e+13             0.00%
*     0+    0                      -1.30900e+13  -1.30900e+13             0.00%
*     0+    0                      -1.30900e+13  -1.30900e+13             0.00%

Repeating presolve.
Tried aggregator 2 times.
MIP Presolve eliminated 1854 rows and 4213 columns.
MIP Presolve added 2 rows and 0 columns.
MIP Presolve modified 4 coefficients.
Aggregator did 338 substitutions.
Reduced MIP has 1433 rows, 3163 columns, and 11321 nonzeros.
Reduced MIP has 3163 binaries, 0 generals, 0 SOSs, and 0 indicators.
Presolve time = 0.03 sec. (35.67 ticks)
Probing time = 0.02 sec. (3.58 ticks)
Tried aggregator 1 time.
Detecting symmetries...
Reduced MIP has 1433 rows, 3163 columns, and 11321 nonzeros.
Reduced MIP has 3163 binaries, 0 generals, 0 SOSs, and 0 indicators.
Presolve time = 0.01 sec. (8.18 ticks)
Represolve time = 0.08 sec. (61.61 ticks)
Probing time = 0.02 sec. (3.57 ticks)
Clique table members: 7553.
MIP emphasis: balance optimality and feasibility.
MIP search method: dynamic search.
Parallel mode: opportunistic, using up to 40 threads.
Root relaxation solution time = 0.05 sec. (26.80 ticks)

        Nodes                                         Cuts/
   Node  Left     Objective  IInf  Best Integer    Best Bound    ItCnt     Gap

*     0+    0                      -1.30900e+13  -1.30900e+13             0.00%
      0     0  -1.30900e+13    72  -1.30900e+13  -1.30900e+13     3814    0.00%
      0     0  -1.30900e+13   125  -1.30900e+13      Cuts: 84     4062    0.00%
      0     0  -1.30900e+13    66  -1.30900e+13      Cuts: 90     4105    0.00%
      0     0  -1.30900e+13   118  -1.30900e+13       Cuts: 7     4156    0.00%
      0     2  -1.30900e+13    96  -1.30900e+13  -1.30900e+13     4156    0.00%
Elapsed time = 1.59 sec. (978.56 ticks, tree = 0.02 MB, solutions = 10)

GUB cover cuts applied:  1
Clique cuts applied:  33
Cover cuts applied:  172
Mixed integer rounding cuts applied:  7
Zero-half cuts applied:  18
Lift and project cuts applied:  11
Gomory fractional cuts applied:  24

Root node processing (before b&c):
  Real time             =    1.21 sec. (979.04 ticks)
Parallel b&c, 40 threads:
  Real time             =    0.94 sec. (200.13 ticks)
  Sync time (average)   =    0.44 sec.
  Wait time (average)   =    0.00 sec.
                          ------------
Total (root+branch&cut) =    2.14 sec. (1179.16 ticks)

Solution pool: 21 solutions saved.

MIP - Integer optimal solution:  Objective = -1.3089999990e+13
Solution time =    2.21 sec.  Iterations = 37590  Nodes = 710
Deterministic time = 1179.19 ticks  (532.89 ticks/sec)

CPLEX> Solution 'p22' written to file 'ee.sol'.
CPLEX> 