
Welcome to IBM(R) ILOG(R) CPLEX(R) Interactive Optimizer 22.1.1.0
  with Simplex, Mixed Integer & Barrier Optimizers
5725-A06 5725-A29 5724-Y48 5724-Y49 5724-Y54 5724-Y55 5655-Y21
Copyright IBM Corp. 1988, 2022.  All Rights Reserved.

Type 'help' for a list of available commands.
Type 'help' followed by a command name for more
information on commands.

CPLEX> Selected objective sense:  MINIMIZE
Selected objective  name:  00000000
Selected RHS        name:  RHS1
Selected bound      name:  BOUND
Problem 'ee.mps' read.
Read time = 0.03 sec. (3.17 ticks)
CPLEX> New value for time limit in seconds: 7200
CPLEX> New value for parallel optimization mode: -1
CPLEX> New value for default parallel thread count: 40
CPLEX> New value for mixed integer optimality gap tolerance: 1e-13
CPLEX> Version identifier: 22.1.1.0 | 2022-11-28 | 9160aff4d
CPXPARAM_Threads                                 40
CPXPARAM_Parallel                                -1
CPXPARAM_TimeLimit                               7200
CPXPARAM_MIP_Tolerances_MIPGap                   1e-13
Found incumbent of value 0.000000 after 0.00 sec. (0.31 ticks)
Tried aggregator 2 times.
MIP Presolve eliminated 183 rows and 2745 columns.
MIP Presolve modified 6090 coefficients.
Aggregator did 713 substitutions.
Reduced MIP has 3636 rows, 7840 columns, and 28953 nonzeros.
Reduced MIP has 7840 binaries, 0 generals, 0 SOSs, and 0 indicators.
Presolve time = 0.07 sec. (69.13 ticks)
Probing time = 0.03 sec. (5.33 ticks)
Tried aggregator 1 time.
Detecting symmetries...
Reduced MIP has 3636 rows, 7840 columns, and 28953 nonzeros.
Reduced MIP has 7840 binaries, 0 generals, 0 SOSs, and 0 indicators.
Presolve time = 0.03 sec. (22.09 ticks)
Probing time = 0.02 sec. (5.12 ticks)
Clique table members: 18788.
MIP emphasis: balance optimality and feasibility.
MIP search method: dynamic search.
Parallel mode: opportunistic, using up to 40 threads.
Root relaxation solution time = 0.09 sec. (74.45 ticks)

        Nodes                                         Cuts/
   Node  Left     Objective  IInf  Best Integer    Best Bound    ItCnt     Gap

*     0+    0                            0.0000  -1.54000e+13              --- 
*     0+    0                      -2.40000e+12  -1.54000e+13           541.67%
*     0+    0                      -3.60000e+12  -1.54000e+13           327.78%
*     0+    0                      -4.59000e+12  -1.54000e+13           235.51%
*     0+    0                      -4.80000e+12  -1.54000e+13           220.83%
*     0+    0                      -8.40000e+12  -1.54000e+13            83.33%
      0     0  -1.53900e+13    83  -8.40000e+12  -1.53900e+13     2079   83.21%
*     0+    0                      -1.53900e+13  -1.53900e+13             0.00%
      0     0  -1.53900e+13   146  -1.53900e+13      Cuts: 64     2548    0.00%
*     0+    0                      -1.53900e+13  -1.53900e+13             0.00%
      0     0  -1.53900e+13   167  -1.53900e+13      Cuts: 51     2995    0.00%
*     0+    0                      -1.53900e+13  -1.53900e+13             0.00%
*     0+    0                      -1.53900e+13  -1.53900e+13             0.00%
*     0+    0                      -1.53900e+13  -1.53900e+13             0.00%
      0     0  -1.00000e+75     0  -1.53900e+13  -1.53900e+13     2995    0.00%
      0    17        cutoff        -1.53900e+13  -1.53900e+13     6778    0.00%
Elapsed time = 2.21 sec. (1064.66 ticks, tree = 0.02 MB, solutions = 11)
*     9+   35                      -1.53900e+13  -1.53900e+13             0.00%
*    70+   27                      -1.53900e+13  -1.53900e+13             0.00%
    179    61  -1.53900e+13   108  -1.53900e+13  -1.53900e+13    34910    0.00%
    934    71        cutoff        -1.53900e+13  -1.53900e+13    40641    0.00%
   1614   109  -1.53900e+13   211  -1.53900e+13  -1.53900e+13    71992    0.00%
*  2226   164      integral     0  -1.53900e+13  -1.53900e+13   136242    0.00%
   2340   114  -1.53900e+13    49  -1.53900e+13  -1.53900e+13    91170    0.00%
   3242   272  -1.53900e+13    42  -1.53900e+13  -1.53900e+13   204107    0.00%
   4147   263        cutoff        -1.53900e+13  -1.53900e+13   205951    0.00%
   5054   299        cutoff        -1.53900e+13  -1.53900e+13   192750    0.00%
   5790   293    infeasible        -1.53900e+13  -1.53900e+13   206796    0.00%
   6083   275  -1.53900e+13    27  -1.53900e+13  -1.53900e+13   216489    0.00%

GUB cover cuts applied:  2
Clique cuts applied:  19
Cover cuts applied:  505
Mixed integer rounding cuts applied:  5
Zero-half cuts applied:  6
Lift and project cuts applied:  12
Gomory fractional cuts applied:  23

Root node processing (before b&c):
  Real time             =    1.18 sec. (1055.18 ticks)
Parallel b&c, 40 threads:
  Real time             =    3.82 sec. (2187.24 ticks)
  Sync time (average)   =    0.77 sec.
  Wait time (average)   =    0.00 sec.
                          ------------
Total (root+branch&cut) =    5.00 sec. (3242.42 ticks)

Solution pool: 43 solutions saved.

MIP - Integer optimal solution:  Objective = -1.5389998989e+13
Solution time =    5.13 sec.  Iterations = 275802  Nodes = 6087
Deterministic time = 3242.46 ticks  (632.33 ticks/sec)

CPLEX> Solution 'p44' written to file 'ee.sol'.
CPLEX> 